#
# There is insufficient memory for the Java Runtime Environment to continue.
# Native memory allocation (malloc) failed to allocate 38496 bytes for Chunk::new
# Possible reasons:
#   The system is out of physical RAM or swap space
#   The process is running with CompressedOops enabled, and the Java Heap may be blocking the growth of the native heap
# Possible solutions:
#   Reduce memory load on the system
#   Increase physical memory or swap space
#   Check if swap backing store is full
#   Decrease Java heap size (-Xmx/-Xms)
#   Decrease number of Java threads
#   Decrease Java thread stack sizes (-Xss)
#   Set larger code cache with -XX:ReservedCodeCacheSize=
#   JVM is running with Zero Based Compressed Oops mode in which the Java heap is
#     placed in the first 32GB address space. The Java Heap base address is the
#     maximum limit for the native heap growth. Please use -XX:HeapBaseMinAddress
#     to set the Java Heap base and to place the Java Heap above 32GB virtual address.
# This output file may be truncated or incomplete.
#
#  Out of Memory Error (allocation.cpp:389), pid=1724, tid=0x0000000000001630
#
# JRE version: Java(TM) SE Runtime Environment (8.0_202-b08) (build 1.8.0_202-b08)
# Java VM: Java HotSpot(TM) 64-Bit Server VM (25.202-b08 mixed mode windows-amd64 compressed oops)
# Failed to write core dump. Minidumps are not enabled by default on client versions of Windows
#

---------------  T H R E A D  ---------------

Current thread (0x000000001f896000):  JavaThread "restartedMain" [_thread_in_native, id=5680, stack(0x0000000020a60000,0x0000000020b60000)]

Stack: [0x0000000020a60000,0x0000000020b60000]
[error occurred during error reporting (printing stack bounds), id 0xc0000005]

Native frames: (J=compiled Java code, j=interpreted, Vv=VM code, C=native code)

Java frames: (J=compiled Java code, j=interpreted, Vv=VM code)
j  com.sun.org.apache.xerces.internal.jaxp.DocumentBuilderImpl.<init>(Lcom/sun/org/apache/xerces/internal/jaxp/DocumentBuilderFactoryImpl;Ljava/util/Map;Ljava/util/Map;Z)V+5
j  com.sun.org.apache.xerces.internal.jaxp.DocumentBuilderFactoryImpl.newDocumentBuilder()Ljavax/xml/parsers/DocumentBuilder;+105
j  org.apache.ibatis.parsing.XPathParser.createDocument(Lorg/xml/sax/InputSource;)Lorg/w3c/dom/Document;+38
j  org.apache.ibatis.parsing.XPathParser.<init>(Ljava/io/InputStream;ZLjava/util/Properties;Lorg/xml/sax/EntityResolver;)V+22
j  org.apache.ibatis.builder.xml.XMLConfigBuilder.<init>(Ljava/io/InputStream;Ljava/lang/String;Ljava/util/Properties;)V+15
j  org.mybatis.spring.SqlSessionFactoryBean.buildSqlSessionFactory()Lorg/apache/ibatis/session/SqlSessionFactory;+78
j  org.mybatis.spring.SqlSessionFactoryBean.afterPropertiesSet()V+58
j  org.mybatis.spring.SqlSessionFactoryBean.getObject()Lorg/apache/ibatis/session/SqlSessionFactory;+8
j  org.mybatis.spring.boot.autoconfigure.MybatisAutoConfiguration.sqlSessionFactory(Ljavax/sql/DataSource;)Lorg/apache/ibatis/session/SqlSessionFactory;+205
j  org.mybatis.spring.boot.autoconfigure.MybatisAutoConfiguration$$EnhancerBySpringCGLIB$$7c922ffa.CGLIB$sqlSessionFactory$1(Ljavax/sql/DataSource;)Lorg/apache/ibatis/session/SqlSessionFactory;+2
j  org.mybatis.spring.boot.autoconfigure.MybatisAutoConfiguration$$EnhancerBySpringCGLIB$$7c922ffa$$FastClassBySpringCGLIB$$f971dd02.invoke(ILjava/lang/Object;[Ljava/lang/Object;)Ljava/lang/Object;+169
j  org.springframework.cglib.proxy.MethodProxy.invokeSuper(Ljava/lang/Object;[Ljava/lang/Object;)Ljava/lang/Object;+19
j  org.springframework.context.annotation.ConfigurationClassEnhancer$BeanMethodInterceptor.intercept(Ljava/lang/Object;Ljava/lang/reflect/Method;[Ljava/lang/Object;Lorg/springframework/cglib/proxy/MethodProxy;)Ljava/lang/Object;+207
j  org.mybatis.spring.boot.autoconfigure.MybatisAutoConfiguration$$EnhancerBySpringCGLIB$$7c922ffa.sqlSessionFactory(Ljavax/sql/DataSource;)Lorg/apache/ibatis/session/SqlSessionFactory;+36
v  ~StubRoutines::call_stub
J 1925  sun.reflect.NativeMethodAccessorImpl.invoke0(Ljava/lang/reflect/Method;Ljava/lang/Object;[Ljava/lang/Object;)Ljava/lang/Object; (0 bytes) @ 0x0000000003265e3f [0x0000000003265dc0+0x7f]
J 1932 C1 sun.reflect.NativeMethodAccessorImpl.invoke(Ljava/lang/Object;[Ljava/lang/Object;)Ljava/lang/Object; (104 bytes) @ 0x0000000003268264 [0x0000000003267ea0+0x3c4]
J 1561 C1 sun.reflect.DelegatingMethodAccessorImpl.invoke(Ljava/lang/Object;[Ljava/lang/Object;)Ljava/lang/Object; (10 bytes) @ 0x00000000031ad5a4 [0x00000000031ad560+0x44]
J 1560 C1 java.lang.reflect.Method.invoke(Ljava/lang/Object;[Ljava/lang/Object;)Ljava/lang/Object; (62 bytes) @ 0x00000000031ad1a4 [0x00000000031ad0a0+0x104]
j  org.springframework.beans.factory.support.SimpleInstantiationStrategy.instantiate(Lorg/springframework/beans/factory/support/RootBeanDefinition;Ljava/lang/String;Lorg/springframework/beans/factory/BeanFactory;Ljava/lang/Object;Ljava/lang/reflect/Method;[Ljava/lang/Object;)Ljava/lang/Object;+50
j  org.springframework.beans.factory.support.ConstructorResolver.instantiate(Ljava/lang/String;Lorg/springframework/beans/factory/support/RootBeanDefinition;Ljava/lang/Object;Ljava/lang/reflect/Method;[Ljava/lang/Object;)Ljava/lang/Object;+48
j  org.springframework.beans.factory.support.ConstructorResolver.instantiateUsingFactoryMethod(Ljava/lang/String;Lorg/springframework/beans/factory/support/RootBeanDefinition;[Ljava/lang/Object;)Lorg/springframework/beans/BeanWrapper;+1479
j  org.springframework.beans.factory.support.AbstractAutowireCapableBeanFactory.instantiateUsingFactoryMethod(Ljava/lang/String;Lorg/springframework/beans/factory/support/RootBeanDefinition;[Ljava/lang/Object;)Lorg/springframework/beans/BeanWrapper;+11
j  org.springframework.beans.factory.support.AbstractAutowireCapableBeanFactory.createBeanInstance(Ljava/lang/String;Lorg/springframework/beans/factory/support/RootBeanDefinition;[Ljava/lang/Object;)Lorg/springframework/beans/BeanWrapper;+101
j  org.springframework.beans.factory.support.AbstractAutowireCapableBeanFactory.doCreateBean(Ljava/lang/String;Lorg/springframework/beans/factory/support/RootBeanDefinition;[Ljava/lang/Object;)Ljava/lang/Object;+34
j  org.springframework.beans.factory.support.AbstractAutowireCapableBeanFactory.createBean(Ljava/lang/String;Lorg/springframework/beans/factory/support/RootBeanDefinition;[Ljava/lang/Object;)Ljava/lang/Object;+169
j  org.springframework.beans.factory.support.AbstractBeanFactory.lambda$doGetBean$0(Ljava/lang/String;Lorg/springframework/beans/factory/support/RootBeanDefinition;[Ljava/lang/Object;)Ljava/lang/Object;+4
j  org.springframework.beans.factory.support.AbstractBeanFactory$$Lambda$143.getObject()Ljava/lang/Object;+16
j  org.springframework.beans.factory.support.DefaultSingletonBeanRegistry.getSingleton(Ljava/lang/String;Lorg/springframework/beans/factory/ObjectFactory;)Ljava/lang/Object;+132
J 2637 C1 org.springframework.beans.factory.support.AbstractBeanFactory.doGetBean(Ljava/lang/String;Ljava/lang/Class;[Ljava/lang/Object;Z)Ljava/lang/Object; (833 bytes) @ 0x00000000033cf8e4 [0x00000000033cf300+0x5e4]
J 4101 C1 org.springframework.beans.factory.support.AbstractBeanFactory.getBean(Ljava/lang/String;)Ljava/lang/Object; (9 bytes) @ 0x000000000365c0cc [0x000000000365c080+0x4c]
j  org.springframework.beans.factory.config.DependencyDescriptor.resolveCandidate(Ljava/lang/String;Ljava/lang/Class;Lorg/springframework/beans/factory/BeanFactory;)Ljava/lang/Object;+2
j  org.springframework.beans.factory.support.DefaultListableBeanFactory.doResolveDependency(Lorg/springframework/beans/factory/config/DependencyDescriptor;Ljava/lang/String;Ljava/util/Set;Lorg/springframework/beans/TypeConverter;)Ljava/lang/Object;+440
j  org.springframework.beans.factory.support.DefaultListableBeanFactory.resolveDependency(Lorg/springframework/beans/factory/config/DependencyDescriptor;Ljava/lang/String;Ljava/util/Set;Lorg/springframework/beans/TypeConverter;)Ljava/lang/Object;+108
j  org.springframework.beans.factory.support.AbstractAutowireCapableBeanFactory.autowireByType(Ljava/lang/String;Lorg/springframework/beans/factory/support/AbstractBeanDefinition;Lorg/springframework/beans/BeanWrapper;Lorg/springframework/beans/MutablePropertyValues;)V+128
J 4165 C1 org.springframework.beans.factory.support.AbstractAutowireCapableBeanFactory.populateBean(Ljava/lang/String;Lorg/springframework/beans/factory/support/RootBeanDefinition;Lorg/springframework/beans/BeanWrapper;)V (412 bytes) @ 0x000000000367379c [0x00000000036731c0+0x5dc]
j  org.springframework.beans.factory.support.AbstractAutowireCapableBeanFactory.doCreateBean(Ljava/lang/String;Lorg/springframework/beans/factory/support/RootBeanDefinition;[Ljava/lang/Object;)Ljava/lang/Object;+237
j  org.springframework.beans.factory.support.AbstractAutowireCapableBeanFactory.createBean(Ljava/lang/String;Lorg/springframework/beans/factory/support/RootBeanDefinition;[Ljava/lang/Object;)Ljava/lang/Object;+169
j  org.springframework.beans.factory.support.AbstractBeanFactory.lambda$doGetBean$0(Ljava/lang/String;Lorg/springframework/beans/factory/support/RootBeanDefinition;[Ljava/lang/Object;)Ljava/lang/Object;+4
j  org.springframework.beans.factory.support.AbstractBeanFactory$$Lambda$143.getObject()Ljava/lang/Object;+16
j  org.springframework.beans.factory.support.DefaultSingletonBeanRegistry.getSingleton(Ljava/lang/String;Lorg/springframework/beans/factory/ObjectFactory;)Ljava/lang/Object;+132
J 2637 C1 org.springframework.beans.factory.support.AbstractBeanFactory.doGetBean(Ljava/lang/String;Ljava/lang/Class;[Ljava/lang/Object;Z)Ljava/lang/Object; (833 bytes) @ 0x00000000033cf8e4 [0x00000000033cf300+0x5e4]
J 4101 C1 org.springframework.beans.factory.support.AbstractBeanFactory.getBean(Ljava/lang/String;)Ljava/lang/Object; (9 bytes) @ 0x000000000365c0cc [0x000000000365c080+0x4c]
j  org.springframework.beans.factory.config.DependencyDescriptor.resolveCandidate(Ljava/lang/String;Ljava/lang/Class;Lorg/springframework/beans/factory/BeanFactory;)Ljava/lang/Object;+2
j  org.springframework.beans.factory.support.DefaultListableBeanFactory.doResolveDependency(Lorg/springframework/beans/factory/config/DependencyDescriptor;Ljava/lang/String;Ljava/util/Set;Lorg/springframework/beans/TypeConverter;)Ljava/lang/Object;+440
j  org.springframework.beans.factory.support.DefaultListableBeanFactory.resolveDependency(Lorg/springframework/beans/factory/config/DependencyDescriptor;Ljava/lang/String;Ljava/util/Set;Lorg/springframework/beans/TypeConverter;)Ljava/lang/Object;+108
j  org.springframework.beans.factory.annotation.AutowiredAnnotationBeanPostProcessor$AutowiredFieldElement.inject(Ljava/lang/Object;Ljava/lang/String;Lorg/springframework/beans/PropertyValues;)V+115
J 4132 C1 org.springframework.beans.factory.annotation.InjectionMetadata.inject(Ljava/lang/Object;Ljava/lang/String;Lorg/springframework/beans/PropertyValues;)V (123 bytes) @ 0x0000000003667504 [0x00000000036671a0+0x364]
j  org.springframework.beans.factory.annotation.AutowiredAnnotationBeanPostProcessor.postProcessProperties(Lorg/springframework/beans/PropertyValues;Ljava/lang/Object;Ljava/lang/String;)Lorg/springframework/beans/PropertyValues;+17
J 4165 C1 org.springframework.beans.factory.support.AbstractAutowireCapableBeanFactory.populateBean(Ljava/lang/String;Lorg/springframework/beans/factory/support/RootBeanDefinition;Lorg/springframework/beans/BeanWrapper;)V (412 bytes) @ 0x0000000003673b04 [0x00000000036731c0+0x944]
j  org.springframework.beans.factory.support.AbstractAutowireCapableBeanFactory.doCreateBean(Ljava/lang/String;Lorg/springframework/beans/factory/support/RootBeanDefinition;[Ljava/lang/Object;)Ljava/lang/Object;+237
j  org.springframework.beans.factory.support.AbstractAutowireCapableBeanFactory.createBean(Ljava/lang/String;Lorg/springframework/beans/factory/support/RootBeanDefinition;[Ljava/lang/Object;)Ljava/lang/Object;+169
j  org.springframework.beans.factory.support.AbstractBeanFactory.lambda$doGetBean$0(Ljava/lang/String;Lorg/springframework/beans/factory/support/RootBeanDefinition;[Ljava/lang/Object;)Ljava/lang/Object;+4
j  org.springframework.beans.factory.support.AbstractBeanFactory$$Lambda$143.getObject()Ljava/lang/Object;+16
j  org.springframework.beans.factory.support.DefaultSingletonBeanRegistry.getSingleton(Ljava/lang/String;Lorg/springframework/beans/factory/ObjectFactory;)Ljava/lang/Object;+132
J 2637 C1 org.springframework.beans.factory.support.AbstractBeanFactory.doGetBean(Ljava/lang/String;Ljava/lang/Class;[Ljava/lang/Object;Z)Ljava/lang/Object; (833 bytes) @ 0x00000000033cf8e4 [0x00000000033cf300+0x5e4]
J 4101 C1 org.springframework.beans.factory.support.AbstractBeanFactory.getBean(Ljava/lang/String;)Ljava/lang/Object; (9 bytes) @ 0x000000000365c0cc [0x000000000365c080+0x4c]
j  org.springframework.beans.factory.config.DependencyDescriptor.resolveCandidate(Ljava/lang/String;Ljava/lang/Class;Lorg/springframework/beans/factory/BeanFactory;)Ljava/lang/Object;+2
j  org.springframework.beans.factory.support.DefaultListableBeanFactory.doResolveDependency(Lorg/springframework/beans/factory/config/DependencyDescriptor;Ljava/lang/String;Ljava/util/Set;Lorg/springframework/beans/TypeConverter;)Ljava/lang/Object;+440
j  org.springframework.beans.factory.support.DefaultListableBeanFactory.resolveDependency(Lorg/springframework/beans/factory/config/DependencyDescriptor;Ljava/lang/String;Ljava/util/Set;Lorg/springframework/beans/TypeConverter;)Ljava/lang/Object;+108
j  org.springframework.beans.factory.annotation.AutowiredAnnotationBeanPostProcessor$AutowiredFieldElement.inject(Ljava/lang/Object;Ljava/lang/String;Lorg/springframework/beans/PropertyValues;)V+115
J 4132 C1 org.springframework.beans.factory.annotation.InjectionMetadata.inject(Ljava/lang/Object;Ljava/lang/String;Lorg/springframework/beans/PropertyValues;)V (123 bytes) @ 0x0000000003667504 [0x00000000036671a0+0x364]
j  org.springframework.beans.factory.annotation.AutowiredAnnotationBeanPostProcessor.postProcessProperties(Lorg/springframework/beans/PropertyValues;Ljava/lang/Object;Ljava/lang/String;)Lorg/springframework/beans/PropertyValues;+17
J 4165 C1 org.springframework.beans.factory.support.AbstractAutowireCapableBeanFactory.populateBean(Ljava/lang/String;Lorg/springframework/beans/factory/support/RootBeanDefinition;Lorg/springframework/beans/BeanWrapper;)V (412 bytes) @ 0x0000000003673b04 [0x00000000036731c0+0x944]
j  org.springframework.beans.factory.support.AbstractAutowireCapableBeanFactory.doCreateBean(Ljava/lang/String;Lorg/springframework/beans/factory/support/RootBeanDefinition;[Ljava/lang/Object;)Ljava/lang/Object;+237
j  org.springframework.beans.factory.support.AbstractAutowireCapableBeanFactory.createBean(Ljava/lang/String;Lorg/springframework/beans/factory/support/RootBeanDefinition;[Ljava/lang/Object;)Ljava/lang/Object;+169
j  org.springframework.beans.factory.support.AbstractBeanFactory.lambda$doGetBean$0(Ljava/lang/String;Lorg/springframework/beans/factory/support/RootBeanDefinition;[Ljava/lang/Object;)Ljava/lang/Object;+4
j  org.springframework.beans.factory.support.AbstractBeanFactory$$Lambda$143.getObject()Ljava/lang/Object;+16
j  org.springframework.beans.factory.support.DefaultSingletonBeanRegistry.getSingleton(Ljava/lang/String;Lorg/springframework/beans/factory/ObjectFactory;)Ljava/lang/Object;+132
J 2637 C1 org.springframework.beans.factory.support.AbstractBeanFactory.doGetBean(Ljava/lang/String;Ljava/lang/Class;[Ljava/lang/Object;Z)Ljava/lang/Object; (833 bytes) @ 0x00000000033cf8e4 [0x00000000033cf300+0x5e4]
J 4101 C1 org.springframework.beans.factory.support.AbstractBeanFactory.getBean(Ljava/lang/String;)Ljava/lang/Object; (9 bytes) @ 0x000000000365c0cc [0x000000000365c080+0x4c]
j  org.springframework.beans.factory.support.DefaultListableBeanFactory.preInstantiateSingletons()V+248
j  org.springframework.context.support.AbstractApplicationContext.finishBeanFactoryInitialization(Lorg/springframework/beans/factory/config/ConfigurableListableBeanFactory;)V+124
j  org.springframework.context.support.AbstractApplicationContext.refresh()V+54
j  org.springframework.boot.web.servlet.context.ServletWebServerApplicationContext.refresh()V+1
j  org.springframework.boot.SpringApplication.refresh(Lorg/springframework/context/ApplicationContext;)V+10
j  org.springframework.boot.SpringApplication.refreshContext(Lorg/springframework/context/ConfigurableApplicationContext;)V+2
j  org.springframework.boot.SpringApplication.run([Ljava/lang/String;)Lorg/springframework/context/ConfigurableApplicationContext;+118
j  org.springframework.boot.SpringApplication.run([Ljava/lang/Class;[Ljava/lang/String;)Lorg/springframework/context/ConfigurableApplicationContext;+9
j  org.springframework.boot.SpringApplication.run(Ljava/lang/Class;[Ljava/lang/String;)Lorg/springframework/context/ConfigurableApplicationContext;+9
j  com.yuezhiming.springcloud.MicroservicecloudProviderDept8083_Application.main([Ljava/lang/String;)V+3
v  ~StubRoutines::call_stub
j  sun.reflect.NativeMethodAccessorImpl.invoke0(Ljava/lang/reflect/Method;Ljava/lang/Object;[Ljava/lang/Object;)Ljava/lang/Object;+0
j  sun.reflect.NativeMethodAccessorImpl.invoke(Ljava/lang/Object;[Ljava/lang/Object;)Ljava/lang/Object;+100
j  sun.reflect.DelegatingMethodAccessorImpl.invoke(Ljava/lang/Object;[Ljava/lang/Object;)Ljava/lang/Object;+6
j  java.lang.reflect.Method.invoke(Ljava/lang/Object;[Ljava/lang/Object;)Ljava/lang/Object;+56
j  org.springframework.boot.devtools.restart.RestartLauncher.run()V+41
v  ~StubRoutines::call_stub

---------------  P R O C E S S  ---------------

Java Threads: ( => current thread )
  0x00000000229c3000 JavaThread "JMX server connection timeout 43" daemon [_thread_blocked, id=15768, stack(0x0000000024930000,0x0000000024a30000)]
  0x00000000229c9000 JavaThread "container-0" [_thread_blocked, id=18280, stack(0x0000000024830000,0x0000000024930000)]
  0x00000000229c7800 JavaThread "Catalina-utility-2" [_thread_blocked, id=14580, stack(0x0000000024730000,0x0000000024830000)]
  0x00000000229c7000 JavaThread "Catalina-utility-1" [_thread_blocked, id=10448, stack(0x0000000024630000,0x0000000024730000)]
  0x00000000229c8800 JavaThread "spring.cloud.inetutils" daemon [_thread_blocked, id=6424, stack(0x0000000024530000,0x0000000024630000)]
  0x00000000229c2800 JavaThread "mysql-cj-abandoned-connection-cleanup" daemon [_thread_blocked, id=13788, stack(0x0000000024330000,0x0000000024430000)]
  0x00000000229c6000 JavaThread "RMI TCP Connection(3)-127.0.0.1" daemon [_thread_in_native, id=17740, stack(0x0000000024130000,0x0000000024230000)]
  0x000000001f908000 JavaThread "RMI TCP Connection(4)-127.0.0.1" daemon [_thread_in_native, id=7916, stack(0x0000000020e60000,0x0000000020f60000)]
  0x000000001f906800 JavaThread "RMI Scheduler(0)" daemon [_thread_blocked, id=14920, stack(0x0000000020d60000,0x0000000020e60000)]
  0x000000001f8d8000 JavaThread "RMI TCP Connection(1)-127.0.0.1" daemon [_thread_in_native, id=12456, stack(0x0000000020c60000,0x0000000020d60000)]
=>0x000000001f896000 JavaThread "restartedMain" [_thread_in_native, id=5680, stack(0x0000000020a60000,0x0000000020b60000)]
  0x000000001f892800 JavaThread "Thread-1" [_thread_blocked, id=2120, stack(0x0000000020960000,0x0000000020a60000)]
  0x000000001ec8c000 JavaThread "RMI TCP Accept-0" daemon [_thread_in_native, id=16532, stack(0x000000001f4e0000,0x000000001f5e0000)]
  0x000000001ec3d800 JavaThread "RMI TCP Accept-50083" daemon [_thread_in_native, id=10980, stack(0x000000001f3e0000,0x000000001f4e0000)]
  0x000000001ec36000 JavaThread "RMI TCP Accept-0" daemon [_thread_in_native, id=17576, stack(0x000000001f2e0000,0x000000001f3e0000)]
  0x000000001e9ef000 JavaThread "Service Thread" daemon [_thread_blocked, id=7736, stack(0x000000001f1e0000,0x000000001f2e0000)]
  0x000000001e9be000 JavaThread "C1 CompilerThread2" daemon [_thread_blocked, id=18152, stack(0x000000001f0e0000,0x000000001f1e0000)]
  0x000000001e90a800 JavaThread "C2 CompilerThread1" daemon [_thread_blocked, id=13576, stack(0x000000001efe0000,0x000000001f0e0000)]
  0x000000001e909800 JavaThread "C2 CompilerThread0" daemon [_thread_blocked, id=8864, stack(0x000000001eee0000,0x000000001efe0000)]
  0x000000001e8f9800 JavaThread "Monitor Ctrl-Break" daemon [_thread_in_native, id=5884, stack(0x000000001ede0000,0x000000001eee0000)]
  0x000000001c65b800 JavaThread "Attach Listener" daemon [_thread_blocked, id=15596, stack(0x000000001e4e0000,0x000000001e5e0000)]
  0x000000001e036800 JavaThread "Signal Dispatcher" daemon [_thread_blocked, id=16688, stack(0x000000001e3e0000,0x000000001e4e0000)]
  0x000000001c62c800 JavaThread "Finalizer" daemon [_thread_blocked, id=1240, stack(0x000000001dee0000,0x000000001dfe0000)]
  0x000000001c629800 JavaThread "Reference Handler" daemon [_thread_blocked, id=17500, stack(0x000000001dde0000,0x000000001dee0000)]
  0x0000000002b1b800 JavaThread "main" [_thread_blocked, id=16140, stack(0x0000000002660000,0x0000000002760000)]

Other Threads:
  0x0000000002c0d000 VMThread [stack: 0x000000001dce0000,0x000000001dde0000] [id=13652]
  0x000000001ec8d000 WatcherThread [stack: 0x000000001f5e0000,0x000000001f6e0000] [id=13912]

VM state:not at safepoint (normal execution)

VM Mutex/Monitor currently owned by a thread: None

OutOfMemory and StackOverflow Exception counts:
OutOfMemoryError java_heap_errors=2

heap address: 0x00000006c1e00000, size: 4066 MB, Compressed Oops mode: Zero based, Oop shift amount: 3
Narrow klass base: 0x0000000000000000, Narrow klass shift: 3
Compressed class space size: 1073741824 Address: 0x00000007c0000000

Heap:
 PSYoungGen      total 209408K, used 177966K [0x000000076b500000, 0x0000000779900000, 0x00000007c0000000)
  eden space 199168K, 89% used [0x000000076b500000,0x00000007762cb810,0x0000000777780000)
  from space 10240K, 0% used [0x0000000778480000,0x0000000778480000,0x0000000778e80000)
  to   space 13312K, 0% used [0x0000000777780000,0x0000000777780000,0x0000000778480000)
 ParOldGen       total 99328K, used 19933K [0x00000006c1e00000, 0x00000006c7f00000, 0x000000076b500000)
  object space 99328K, 20% used [0x00000006c1e00000,0x00000006c3177598,0x00000006c7f00000)
 Metaspace       used 37697K, capacity 39622K, committed 39808K, reserved 1087488K
  class space    used 5121K, capacity 5497K, committed 5504K, reserved 1048576K

Card table byte_map: [0x0000000012200000,0x0000000012a00000] byte_map_base: 0x000000000ebf1000

Marking Bits: (ParMarkBitMap*) 0x0000000052825ce0
 Begin Bits: [0x0000000013550000, 0x00000000174d8000)
 End Bits:   [0x00000000174d8000, 0x000000001b460000)

Polling page: 0x00000000005f0000

CodeCache: size=245760Kb used=8443Kb max_used=8443Kb free=237316Kb
 bounds [0x0000000002e40000, 0x0000000003680000, 0x0000000011e40000]
 total_blobs=4633 nmethods=4191 adapters=352
 compilation: disabled (not enough contiguous free space left)

Compilation events (10 events):
Event: 7.074 Thread 0x000000001e9be000 4188       1       org.springframework.cglib.core.AbstractClassGenerator$ClassLoaderData::get (25 bytes)
Event: 7.074 Thread 0x000000001e9be000 nmethod 4188 0x000000000367df50 code [0x000000000367e0c0, 0x000000000367e268]
Event: 7.074 Thread 0x000000001e9be000 4189       1       org.springframework.cglib.core.internal.LoadingCache::get (43 bytes)
Event: 7.074 Thread 0x000000001e9be000 nmethod 4189 0x000000000367e350 code [0x000000000367e4c0, 0x000000000367e6c8]
Event: 7.074 Thread 0x000000001e9be000 4190       1       org.springframework.cglib.core.AbstractClassGenerator$ClassLoaderData$2::apply (9 bytes)
Event: 7.075 Thread 0x000000001e9be000 nmethod 4190 0x000000000367e790 code [0x000000000367e8e0, 0x000000000367ea30]
Event: 7.075 Thread 0x000000001e9be000 4191       1       org.springframework.cglib.core.AbstractClassGenerator$ClassLoaderData$2::apply (5 bytes)
Event: 7.075 Thread 0x000000001e9be000 nmethod 4191 0x000000000367eb10 code [0x000000000367ec60, 0x000000000367ed70]
Event: 7.077 Thread 0x000000001e9be000 4192       1       java.util.regex.Pattern::sequence (553 bytes)
Event: 7.080 Thread 0x000000001e9be000 


GC Heap History (10 events):
Event: 1.428 GC heap before
{Heap before GC invocations=4 (full 1):
 PSYoungGen      total 141824K, used 9610K [0x000000076b500000, 0x0000000774a00000, 0x00000007c0000000)
  eden space 131072K, 0% used [0x000000076b500000,0x000000076b500000,0x0000000773500000)
  from space 10752K, 89% used [0x0000000773500000,0x0000000773e62bf8,0x0000000773f80000)
  to   space 10752K, 0% used [0x0000000773f80000,0x0000000773f80000,0x0000000774a00000)
 ParOldGen       total 175104K, used 32K [0x00000006c1e00000, 0x00000006cc900000, 0x000000076b500000)
  object space 175104K, 0% used [0x00000006c1e00000,0x00000006c1e08000,0x00000006cc900000)
 Metaspace       used 20519K, capacity 21184K, committed 21296K, reserved 1067008K
  class space    used 2685K, capacity 2893K, committed 2944K, reserved 1048576K
Event: 1.451 GC heap after
Heap after GC invocations=4 (full 1):
 PSYoungGen      total 141824K, used 0K [0x000000076b500000, 0x0000000774a00000, 0x00000007c0000000)
  eden space 131072K, 0% used [0x000000076b500000,0x000000076b500000,0x0000000773500000)
  from space 10752K, 0% used [0x0000000773500000,0x0000000773500000,0x0000000773f80000)
  to   space 10752K, 0% used [0x0000000773f80000,0x0000000773f80000,0x0000000774a00000)
 ParOldGen       total 99328K, used 9311K [0x00000006c1e00000, 0x00000006c7f00000, 0x000000076b500000)
  object space 99328K, 9% used [0x00000006c1e00000,0x00000006c2717f58,0x00000006c7f00000)
 Metaspace       used 20517K, capacity 21178K, committed 21296K, reserved 1067008K
  class space    used 2685K, capacity 2892K, committed 2944K, reserved 1048576K
}
Event: 3.435 GC heap before
{Heap before GC invocations=5 (full 1):
 PSYoungGen      total 141824K, used 131072K [0x000000076b500000, 0x0000000774a00000, 0x00000007c0000000)
  eden space 131072K, 100% used [0x000000076b500000,0x0000000773500000,0x0000000773500000)
  from space 10752K, 0% used [0x0000000773500000,0x0000000773500000,0x0000000773f80000)
  to   space 10752K, 0% used [0x0000000773f80000,0x0000000773f80000,0x0000000774a00000)
 ParOldGen       total 99328K, used 9311K [0x00000006c1e00000, 0x00000006c7f00000, 0x000000076b500000)
  object space 99328K, 9% used [0x00000006c1e00000,0x00000006c2717f58,0x00000006c7f00000)
 Metaspace       used 26523K, capacity 27526K, committed 27648K, reserved 1073152K
  class space    used 3557K, capacity 3793K, committed 3840K, reserved 1048576K
Event: 3.446 GC heap after
Heap after GC invocations=5 (full 1):
 PSYoungGen      total 141824K, used 9164K [0x000000076b500000, 0x0000000779480000, 0x00000007c0000000)
  eden space 131072K, 0% used [0x000000076b500000,0x000000076b500000,0x0000000773500000)
  from space 10752K, 85% used [0x0000000773f80000,0x0000000774873090,0x0000000774a00000)
  to   space 10752K, 0% used [0x0000000773500000,0x0000000773500000,0x0000000773f80000)
 ParOldGen       total 99328K, used 9319K [0x00000006c1e00000, 0x00000006c7f00000, 0x000000076b500000)
  object space 99328K, 9% used [0x00000006c1e00000,0x00000006c2719f58,0x00000006c7f00000)
 Metaspace       used 26523K, capacity 27526K, committed 27648K, reserved 1073152K
  class space    used 3557K, capacity 3793K, committed 3840K, reserved 1048576K
}
Event: 3.998 GC heap before
{Heap before GC invocations=6 (full 1):
 PSYoungGen      total 141824K, used 140236K [0x000000076b500000, 0x0000000779480000, 0x00000007c0000000)
  eden space 131072K, 100% used [0x000000076b500000,0x0000000773500000,0x0000000773500000)
  from space 10752K, 85% used [0x0000000773f80000,0x0000000774873090,0x0000000774a00000)
  to   space 10752K, 0% used [0x0000000773500000,0x0000000773500000,0x0000000773f80000)
 ParOldGen       total 99328K, used 9319K [0x00000006c1e00000, 0x00000006c7f00000, 0x000000076b500000)
  object space 99328K, 9% used [0x00000006c1e00000,0x00000006c2719f58,0x00000006c7f00000)
 Metaspace       used 28231K, capacity 29304K, committed 29568K, reserved 1075200K
  class space    used 3847K, capacity 4122K, committed 4224K, reserved 1048576K
Event: 4.003 GC heap after
Heap after GC invocations=6 (full 1):
 PSYoungGen      total 141824K, used 9722K [0x000000076b500000, 0x0000000778e80000, 0x00000007c0000000)
  eden space 131072K, 0% used [0x000000076b500000,0x000000076b500000,0x0000000773500000)
  from space 10752K, 90% used [0x0000000773500000,0x0000000773e7ea30,0x0000000773f80000)
  to   space 10240K, 0% used [0x0000000778480000,0x0000000778480000,0x0000000778e80000)
 ParOldGen       total 99328K, used 9327K [0x00000006c1e00000, 0x00000006c7f00000, 0x000000076b500000)
  object space 99328K, 9% used [0x00000006c1e00000,0x00000006c271bf58,0x00000006c7f00000)
 Metaspace       used 28231K, capacity 29304K, committed 29568K, reserved 1075200K
  class space    used 3847K, capacity 4122K, committed 4224K, reserved 1048576K
}
Event: 4.750 GC heap before
{Heap before GC invocations=7 (full 1):
 PSYoungGen      total 141824K, used 138874K [0x000000076b500000, 0x0000000778e80000, 0x00000007c0000000)
  eden space 131072K, 98% used [0x000000076b500000,0x000000077331ff40,0x0000000773500000)
  from space 10752K, 90% used [0x0000000773500000,0x0000000773e7ea30,0x0000000773f80000)
  to   space 10240K, 0% used [0x0000000778480000,0x0000000778480000,0x0000000778e80000)
 ParOldGen       total 99328K, used 9327K [0x00000006c1e00000, 0x00000006c7f00000, 0x000000076b500000)
  object space 99328K, 9% used [0x00000006c1e00000,0x00000006c271bf58,0x00000006c7f00000)
 Metaspace       used 33781K, capacity 35332K, committed 35456K, reserved 1079296K
  class space    used 4583K, capacity 4901K, committed 4992K, reserved 1048576K
Event: 4.774 GC heap after
Heap after GC invocations=7 (full 1):
 PSYoungGen      total 209408K, used 10213K [0x000000076b500000, 0x0000000779900000, 0x00000007c0000000)
  eden space 199168K, 0% used [0x000000076b500000,0x000000076b500000,0x0000000777780000)
  from space 10240K, 99% used [0x0000000778480000,0x0000000778e79470,0x0000000778e80000)
  to   space 13312K, 0% used [0x0000000777780000,0x0000000777780000,0x0000000778480000)
 ParOldGen       total 99328K, used 13826K [0x00000006c1e00000, 0x00000006c7f00000, 0x000000076b500000)
  object space 99328K, 13% used [0x00000006c1e00000,0x00000006c2b80910,0x00000006c7f00000)
 Metaspace       used 33781K, capacity 35332K, committed 35456K, reserved 1079296K
  class space    used 4583K, capacity 4901K, committed 4992K, reserved 1048576K
}
Event: 4.774 GC heap before
{Heap before GC invocations=8 (full 2):
 PSYoungGen      total 209408K, used 10213K [0x000000076b500000, 0x0000000779900000, 0x00000007c0000000)
  eden space 199168K, 0% used [0x000000076b500000,0x000000076b500000,0x0000000777780000)
  from space 10240K, 99% used [0x0000000778480000,0x0000000778e79470,0x0000000778e80000)
  to   space 13312K, 0% used [0x0000000777780000,0x0000000777780000,0x0000000778480000)
 ParOldGen       total 99328K, used 13826K [0x00000006c1e00000, 0x00000006c7f00000, 0x000000076b500000)
  object space 99328K, 13% used [0x00000006c1e00000,0x00000006c2b80910,0x00000006c7f00000)
 Metaspace       used 33781K, capacity 35332K, committed 35456K, reserved 1079296K
  class space    used 4583K, capacity 4901K, committed 4992K, reserved 1048576K
Event: 4.861 GC heap after
Heap after GC invocations=8 (full 2):
 PSYoungGen      total 209408K, used 0K [0x000000076b500000, 0x0000000779900000, 0x00000007c0000000)
  eden space 199168K, 0% used [0x000000076b500000,0x000000076b500000,0x0000000777780000)
  from space 10240K, 0% used [0x0000000778480000,0x0000000778480000,0x0000000778e80000)
  to   space 13312K, 0% used [0x0000000777780000,0x0000000777780000,0x0000000778480000)
 ParOldGen       total 99328K, used 19933K [0x00000006c1e00000, 0x00000006c7f00000, 0x000000076b500000)
  object space 99328K, 20% used [0x00000006c1e00000,0x00000006c3177598,0x00000006c7f00000)
 Metaspace       used 33781K, capacity 35332K, committed 35456K, reserved 1079296K
  class space    used 4583K, capacity 4901K, committed 4992K, reserved 1048576K
}

Deoptimization events (0 events):
No events

Classes redefined (0 events):
No events

Internal exceptions (10 events):
Event: 7.050 Thread 0x000000001f896000 Exception <a 'java/lang/ClassNotFoundException': org/mybatis/spring/support/SqlSessionDaoSupportCustomizer> (0x0000000775e042f0) thrown at [C:\re\workspace\8-2-build-windows-amd64-cygwin\jdk8u202\12323\hotspot\src\share\vm\classfile\systemDictionary.cpp, 
Event: 7.051 Thread 0x000000001f896000 Exception <a 'java/lang/ClassNotFoundException': org/mybatis/spring/mapper/MapperFactoryBeanCustomizer> (0x0000000775f01838) thrown at [C:\re\workspace\8-2-build-windows-amd64-cygwin\jdk8u202\12323\hotspot\src\share\vm\classfile\systemDictionary.cpp, line
Event: 7.051 Thread 0x000000001f896000 Exception <a 'java/lang/ArrayIndexOutOfBoundsException'> (0x0000000775f03088) thrown at [C:\re\workspace\8-2-build-windows-amd64-cygwin\jdk8u202\12323\hotspot\src\share\vm\runtime\sharedRuntime.cpp, line 605]
Event: 7.051 Thread 0x000000001f896000 Exception <a 'java/lang/ArrayIndexOutOfBoundsException'> (0x0000000775f045d8) thrown at [C:\re\workspace\8-2-build-windows-amd64-cygwin\jdk8u202\12323\hotspot\src\share\vm\runtime\sharedRuntime.cpp, line 605]
Event: 7.052 Thread 0x000000001f896000 Exception <a 'java/lang/ArrayIndexOutOfBoundsException'> (0x0000000775f05948) thrown at [C:\re\workspace\8-2-build-windows-amd64-cygwin\jdk8u202\12323\hotspot\src\share\vm\runtime\sharedRuntime.cpp, line 605]
Event: 7.052 Thread 0x000000001f896000 Exception <a 'java/lang/ArrayIndexOutOfBoundsException'> (0x0000000775f07088) thrown at [C:\re\workspace\8-2-build-windows-amd64-cygwin\jdk8u202\12323\hotspot\src\share\vm\runtime\sharedRuntime.cpp, line 605]
Event: 7.054 Thread 0x000000001f896000 Exception <a 'java/lang/ClassNotFoundException': org/springframework/beans/factory/FactoryBeanCustomizer> (0x0000000775f43940) thrown at [C:\re\workspace\8-2-build-windows-amd64-cygwin\jdk8u202\12323\hotspot\src\share\vm\classfile\systemDictionary.cpp, li
Event: 7.055 Thread 0x000000001f896000 Exception <a 'java/lang/ClassNotFoundException': org/springframework/beans/factory/InitializingBeanCustomizer> (0x0000000775f78f70) thrown at [C:\re\workspace\8-2-build-windows-amd64-cygwin\jdk8u202\12323\hotspot\src\share\vm\classfile\systemDictionary.cp
Event: 7.058 Thread 0x000000001f896000 Exception <a 'java/lang/ArrayIndexOutOfBoundsException'> (0x0000000775fc0d48) thrown at [C:\re\workspace\8-2-build-windows-amd64-cygwin\jdk8u202\12323\hotspot\src\share\vm\runtime\sharedRuntime.cpp, line 605]
Event: 7.061 Thread 0x000000001f896000 Exception <a 'java/lang/ArrayIndexOutOfBoundsException'> (0x0000000775feed10) thrown at [C:\re\workspace\8-2-build-windows-amd64-cygwin\jdk8u202\12323\hotspot\src\share\vm\runtime\sharedRuntime.cpp, line 605]

Events (10 events):
Event: 7.082 loading class javax/xml/xpath/XPath done
Event: 7.082 loading class com/sun/org/apache/xpath/internal/jaxp/XPathImpl done
Event: 7.082 loading class com/sun/org/apache/xerces/internal/jaxp/DocumentBuilderFactoryImpl
Event: 7.082 loading class com/sun/org/apache/xerces/internal/jaxp/DocumentBuilderFactoryImpl done
Event: 7.082 loading class com/sun/org/apache/xerces/internal/jaxp/DocumentBuilderImpl
Event: 7.083 loading class javax/xml/parsers/DocumentBuilder
Event: 7.083 loading class javax/xml/parsers/DocumentBuilder done
Event: 7.083 loading class com/sun/org/apache/xerces/internal/jaxp/DocumentBuilderImpl done
Event: 7.083 loading class com/sun/org/apache/xerces/internal/parsers/DOMParser
Event: 7.083 loading class com/sun/org/apache/xerces/internal/parsers/AbstractDOMParser


Dynamic libraries:
0x00007ff6bba40000 - 0x00007ff6bba77000 	C:\Program Files\Java\jdk1.8.0_202\bin\java.exe
0x00007ff9595e0000 - 0x00007ff9597cd000 	C:\Windows\SYSTEM32\ntdll.dll
0x00007ff9594f0000 - 0x00007ff9595a3000 	C:\Windows\System32\KERNEL32.DLL
0x00007ff956270000 - 0x00007ff956503000 	C:\Windows\System32\KERNELBASE.dll
0x00007ff9568e0000 - 0x00007ff956983000 	C:\Windows\System32\ADVAPI32.dll
0x00007ff9573b0000 - 0x00007ff95744e000 	C:\Windows\System32\msvcrt.dll
0x00007ff956a70000 - 0x00007ff956b0e000 	C:\Windows\System32\sechost.dll
0x00007ff956e00000 - 0x00007ff956f22000 	C:\Windows\System32\RPCRT4.dll
0x00007ff9577c0000 - 0x00007ff957957000 	C:\Windows\System32\USER32.dll
0x00007ff956060000 - 0x00007ff956080000 	C:\Windows\System32\win32u.dll
0x00007ff956990000 - 0x00007ff9569b9000 	C:\Windows\System32\GDI32.dll
0x00007ff9565c0000 - 0x00007ff956759000 	C:\Windows\System32\gdi32full.dll
0x00007ff956760000 - 0x00007ff956800000 	C:\Windows\System32\msvcp_win.dll
0x00007ff9560f0000 - 0x00007ff9561ea000 	C:\Windows\System32\ucrtbase.dll
0x00007ff9477d0000 - 0x00007ff947a49000 	C:\Windows\WinSxS\amd64_microsoft.windows.common-controls_6595b64144ccf1df_6.0.17763.914_none_05b346b2072102f2\COMCTL32.dll
0x00007ff957960000 - 0x00007ff957c8c000 	C:\Windows\System32\combase.dll
0x00007ff9561f0000 - 0x00007ff95626e000 	C:\Windows\System32\bcryptPrimitives.dll
0x00007ff957c90000 - 0x00007ff957cbe000 	C:\Windows\System32\IMM32.DLL
0x00000000528b0000 - 0x0000000052982000 	C:\Program Files\Java\jdk1.8.0_202\jre\bin\msvcr100.dll
0x0000000052000000 - 0x00000000528a5000 	C:\Program Files\Java\jdk1.8.0_202\jre\bin\server\jvm.dll
0x00007ff957cc0000 - 0x00007ff957cc8000 	C:\Windows\System32\PSAPI.DLL
0x00007ff9531a0000 - 0x00007ff9531a9000 	C:\Windows\SYSTEM32\WSOCK32.dll
0x00007ff957450000 - 0x00007ff9574bd000 	C:\Windows\System32\WS2_32.dll
0x00007ff951a50000 - 0x00007ff951a74000 	C:\Windows\SYSTEM32\WINMM.dll
0x00007ff953350000 - 0x00007ff95335a000 	C:\Windows\SYSTEM32\VERSION.dll
0x00007ff951850000 - 0x00007ff95187d000 	C:\Windows\SYSTEM32\winmmbase.dll
0x00007ff956080000 - 0x00007ff9560ca000 	C:\Windows\System32\cfgmgr32.dll
0x00007ff953190000 - 0x00007ff95319f000 	C:\Program Files\Java\jdk1.8.0_202\jre\bin\verify.dll
0x00007ff942370000 - 0x00007ff942399000 	C:\Program Files\Java\jdk1.8.0_202\jre\bin\java.dll
0x00007ff9417d0000 - 0x00007ff9417f3000 	C:\Program Files\Java\jdk1.8.0_202\jre\bin\instrument.dll
0x00007ff953170000 - 0x00007ff953186000 	C:\Program Files\Java\jdk1.8.0_202\jre\bin\zip.dll
0x00007ff957e30000 - 0x00007ff959324000 	C:\Windows\System32\SHELL32.dll
0x00007ff957d80000 - 0x00007ff957e28000 	C:\Windows\System32\shcore.dll
0x00007ff955910000 - 0x00007ff95605d000 	C:\Windows\System32\windows.storage.dll
0x00007ff955630000 - 0x00007ff955654000 	C:\Windows\System32\profapi.dll
0x00007ff9555d0000 - 0x00007ff95562d000 	C:\Windows\System32\powrprof.dll
0x00007ff956b10000 - 0x00007ff956b62000 	C:\Windows\System32\shlwapi.dll
0x00007ff955660000 - 0x00007ff955671000 	C:\Windows\System32\kernel.appcore.dll
0x00007ff9560d0000 - 0x00007ff9560e7000 	C:\Windows\System32\cryptsp.dll
0x00007ff951ad0000 - 0x00007ff951aea000 	D:\Program Files\idea\idea\IntelliJ IDEA 2018.2.1\bin\breakgen64.dll
0x00007ff94b4a0000 - 0x00007ff94b4ba000 	C:\Program Files\Java\jdk1.8.0_202\jre\bin\net.dll
0x00007ff94ba50000 - 0x00007ff94bc27000 	C:\Windows\SYSTEM32\urlmon.dll
0x00007ff94b770000 - 0x00007ff94ba18000 	C:\Windows\SYSTEM32\iertutil.dll
0x00007ff954fb0000 - 0x00007ff954fbc000 	C:\Windows\SYSTEM32\CRYPTBASE.DLL
0x00007ff954de0000 - 0x00007ff954e47000 	C:\Windows\system32\mswsock.dll
0x00007ff947020000 - 0x00007ff94702d000 	C:\Program Files\Java\jdk1.8.0_202\jre\bin\management.dll
0x00007ff9417b0000 - 0x00007ff9417c2000 	C:\Program Files\Java\jdk1.8.0_202\jre\bin\nio.dll
0x00007ff940a30000 - 0x00007ff940a46000 	C:\Windows\system32\napinsp.dll
0x00007ff940a10000 - 0x00007ff940a2a000 	C:\Windows\system32\pnrpnsp.dll
0x00007ff954b40000 - 0x00007ff954c06000 	C:\Windows\SYSTEM32\DNSAPI.dll
0x00007ff9594e0000 - 0x00007ff9594e8000 	C:\Windows\System32\NSI.dll
0x00007ff954b00000 - 0x00007ff954b3d000 	C:\Windows\SYSTEM32\IPHLPAPI.DLL
0x00007ff940a00000 - 0x00007ff940a0e000 	C:\Windows\System32\winrnr.dll
0x00007ff953120000 - 0x00007ff95313b000 	C:\Windows\system32\NLAapi.dll
0x00007ff9409e0000 - 0x00007ff9409f5000 	C:\Windows\system32\wshbth.dll
0x00007ff94f850000 - 0x00007ff94f85a000 	C:\Windows\System32\rasadhlp.dll
0x00007ff94fc30000 - 0x00007ff94fca9000 	C:\Windows\System32\fwpuclnt.dll
0x00007ff955700000 - 0x00007ff955726000 	C:\Windows\System32\bcrypt.dll
0x00007ff954960000 - 0x00007ff954993000 	C:\Windows\system32\rsaenh.dll
0x00007ff955500000 - 0x00007ff955528000 	C:\Windows\SYSTEM32\USERENV.dll
0x00007ff9530b0000 - 0x00007ff9530c6000 	C:\Windows\SYSTEM32\dhcpcsvc6.DLL
0x00007ff953090000 - 0x00007ff9530ac000 	C:\Windows\SYSTEM32\dhcpcsvc.DLL
0x0000000180000000 - 0x00000001801f0000 	D:\Program Files\tomcat\apache-tomcat-8.5.34\bin\tcnative-1.dll

VM Arguments:
jvm_args: -XX:TieredStopAtLevel=1 -Xverify:none -Dspring.output.ansi.enabled=always -Dcom.sun.management.jmxremote -Dcom.sun.management.jmxremote.port=50083 -Dcom.sun.management.jmxremote.authenticate=false -Dcom.sun.management.jmxremote.ssl=false -Djava.rmi.server.hostname=localhost -Dspring.liveBeansView.mbeanDomain -Dspring.application.admin.enabled=true -javaagent:D:\Program Files\idea\idea\IntelliJ IDEA 2018.2.1\lib\idea_rt.jar=50084:D:\Program Files\idea\idea\IntelliJ IDEA 2018.2.1\bin -Dfile.encoding=UTF-8 
java_command: com.yuezhiming.springcloud.MicroservicecloudProviderDept8083_Application
java_class_path (initial): C:\Program Files\Java\jdk1.8.0_202\jre\lib\charsets.jar;C:\Program Files\Java\jdk1.8.0_202\jre\lib\deploy.jar;C:\Program Files\Java\jdk1.8.0_202\jre\lib\ext\access-bridge-64.jar;C:\Program Files\Java\jdk1.8.0_202\jre\lib\ext\cldrdata.jar;C:\Program Files\Java\jdk1.8.0_202\jre\lib\ext\dnsns.jar;C:\Program Files\Java\jdk1.8.0_202\jre\lib\ext\jaccess.jar;C:\Program Files\Java\jdk1.8.0_202\jre\lib\ext\jfxrt.jar;C:\Program Files\Java\jdk1.8.0_202\jre\lib\ext\localedata.jar;C:\Program Files\Java\jdk1.8.0_202\jre\lib\ext\nashorn.jar;C:\Program Files\Java\jdk1.8.0_202\jre\lib\ext\sunec.jar;C:\Program Files\Java\jdk1.8.0_202\jre\lib\ext\sunjce_provider.jar;C:\Program Files\Java\jdk1.8.0_202\jre\lib\ext\sunmscapi.jar;C:\Program Files\Java\jdk1.8.0_202\jre\lib\ext\sunpkcs11.jar;C:\Program Files\Java\jdk1.8.0_202\jre\lib\ext\zipfs.jar;C:\Program Files\Java\jdk1.8.0_202\jre\lib\javaws.jar;C:\Program Files\Java\jdk1.8.0_202\jre\lib\jce.jar;C:\Program Files\Java\jdk1.8.0_202\jre\lib\jfr.jar;C:\Program Files\Java\jdk1.8.0_202\jre\lib\jfxswt.jar;C:\Program Files\Java\jdk1.8.0_202\jre\lib\jsse.jar;C:\Program Files\Java\jdk1.8.0_202\jre\lib\management-agent.jar;C:\Program Files\Java\jdk1.8.0_202\jre\lib\plugin.jar;C:\Program Files\Java\jdk1.8.0_202\jre\lib\resources.jar;C:\Program Files\Java\jdk1.8.0_202\jre\lib\rt.jar;D:\Program Files\idea\workspace2\microservicecloud\microservicecloud-provider-dept-8083\target\classes;C:\Users\ASUS\.m2\repository\org\projectlombok\lombok\1.18.8\lombok-1.18.8.jar;C:\Users\ASUS\.m2\repository\org\springframework\boot\spring-boot-autoconfigure\2.1.9.RELEASE\spring-boot-autoconfigure-2.1.9.RELEASE.jar;C:\Users\ASUS\.m2\repository\org\springframework\boot\spring-boot\2.1.9.RELEASE\spring-boot-2.1.9.RELEASE.jar;C:\Users\ASUS\.m2\repository\org\springframework\spring-context\5.1.6.RELEASE\spring-context-5.1.6.RELEASE.jar;C:\Users\ASUS\.m2\repository\mysql\mysql-connector-java\8.0.17\mysql-connector-java-8.0.17.jar;C:\Users\ASUS
Launcher Type: SUN_STANDARD

Environment Variables:
JAVA_HOME=C:\Program Files\Java\jdk1.8.0_202
CLASSPATH=C:\Program Files\Java\jdk1.8.0_202\lib;C:\Program Files\Java\jdk1.8.0_202\lib\dt.jar;C:\Program Files\Java\jdk1.8.0_202\lib\tools.jar;D:\Program Files\tomcat\apache-tomcat-8.5.34\lib;D:\Program Files\tomcat\apache-tomcat-8.5.34\bin;
PATH=C:\ProgramData\DockerDesktop\version-bin;C:\Program Files\Docker\Docker\Resources\bin;D:\App\XshellXftpPortable\Xftp 6\;D:\App\XshellXftpPortable\Xshell 6\;C:\Program Files (x86)\Common Files\Oracle\Java\javapath;C:\Windows\system32;C:\Windows;C:\Windows\System32\Wbem;C:\Windows\System32\WindowsPowerShell\v1.0\;C:\Windows\System32\OpenSSH\;C:\Program Files\Java\jdk1.8.0_202\bin;C:\Program Files\Java\jdk1.8.0_202\jre\bin;D:\Program Files\mysql\mysql-8.0.12-winx64\bin;C:\Program Files\TortoiseSVN\bin;D:\MAVEN\apache-maven-3.6.0\bin;%MAVEN_HOME%\bin;e:\nvm;e:\nodejs;D:\Program Files\tomcat\apache-tomcat-8.5.34\lib;D:\Program Files\tomcat\apache-tomcat-8.5.34\bin;C:\Users\ASUS\AppData\Local\Microsoft\WindowsApps;C:\Program Files\Bandizip\;e:\nvm;e:\nodejs;D:\Program Files\webstorm\WebStorm 2019.2.2\bin;
USERNAME=ASUS
OS=Windows_NT
PROCESSOR_IDENTIFIER=Intel64 Family 6 Model 158 Stepping 10, GenuineIntel



---------------  S Y S T E M  ---------------

OS: Windows 10.0 , 64 bit Build 17763 (10.0.17763.475)

CPU:total 6 (initial active 6) (6 cores per cpu, 1 threads per core) family 6 model 158 stepping 10, cmov, cx8, fxsr, mmx, sse, sse2, sse3, ssse3, sse4.1, sse4.2, popcnt, avx, avx2, aes, clmul, erms, rtm, 3dnowpref, lzcnt, tsc, tscinvbit, bmi1, bmi2, adx

Memory: 4k page, physical 16651436k(4167952k free), swap 32651304k(0k free)

vm_info: Java HotSpot(TM) 64-Bit Server VM (25.202-b08) for windows-amd64 JRE (1.8.0_202-b08), built on Dec 15 2018 19:54:30 by "java_re" with MS VC++ 10.0 (VS2010)

time: Sun Dec 22 19:28:57 2019
timezone: 中国标准时间
elapsed time: 7 seconds (0d 0h 0m 7s)

